  Lab1_1.cpp
C:\Users\User\Desktop\C++\Новая папка\Lab1_C--\Lab1\Lab1\Lab1_1.cpp(4,5): error C4430: отсутствует спецификатор типа - предполагается int. Примечание. C++ не поддерживает int по умолчанию
C:\Users\User\Desktop\C++\Новая папка\Lab1_C--\Lab1\Lab1\Lab1_1.cpp(5,1): error C2062: тип "float" не требуется
C:\Users\User\Desktop\C++\Новая папка\Lab1_C--\Lab1\Lab1\Lab1_1.cpp(7,6): error C2143: синтаксическая ошибка: отсутствие ";" перед "<<"
C:\Users\User\Desktop\C++\Новая папка\Lab1_C--\Lab1\Lab1\Lab1_1.cpp(7,6): error C4430: отсутствует спецификатор типа - предполагается int. Примечание. C++ не поддерживает int по умолчанию
C:\Users\User\Desktop\C++\Новая папка\Lab1_C--\Lab1\Lab1\Lab1_1.cpp(7,6): error C2059: синтаксическая ошибка: <<
C:\Users\User\Desktop\C++\Новая папка\Lab1_C--\Lab1\Lab1\Lab1_1.cpp(8,5): error C2143: синтаксическая ошибка: отсутствие ";" перед ">>"
C:\Users\User\Desktop\C++\Новая папка\Lab1_C--\Lab1\Lab1\Lab1_1.cpp(8,5): error C4430: отсутствует спецификатор типа - предполагается int. Примечание. C++ не поддерживает int по умолчанию
C:\Users\User\Desktop\C++\Новая папка\Lab1_C--\Lab1\Lab1\Lab1_1.cpp(8,5): error C2059: синтаксическая ошибка: >>
C:\Users\User\Desktop\C++\Новая папка\Lab1_C--\Lab1\Lab1\Lab1_1.cpp(9,6): error C2143: синтаксическая ошибка: отсутствие ";" перед "<<"
C:\Users\User\Desktop\C++\Новая папка\Lab1_C--\Lab1\Lab1\Lab1_1.cpp(9,6): error C4430: отсутствует спецификатор типа - предполагается int. Примечание. C++ не поддерживает int по умолчанию
C:\Users\User\Desktop\C++\Новая папка\Lab1_C--\Lab1\Lab1\Lab1_1.cpp(9,1): error C2086: int cout: переопределение
  C:\Users\User\Desktop\C++\Новая папка\Lab1_C--\Lab1\Lab1\Lab1_1.cpp(7,1):
   см. объявление "cout"
  
C:\Users\User\Desktop\C++\Новая папка\Lab1_C--\Lab1\Lab1\Lab1_1.cpp(9,6): error C2059: синтаксическая ошибка: <<
C:\Users\User\Desktop\C++\Новая папка\Lab1_C--\Lab1\Lab1\Lab1_1.cpp(10,5): error C2143: синтаксическая ошибка: отсутствие ";" перед ">>"
C:\Users\User\Desktop\C++\Новая папка\Lab1_C--\Lab1\Lab1\Lab1_1.cpp(10,5): error C4430: отсутствует спецификатор типа - предполагается int. Примечание. C++ не поддерживает int по умолчанию
C:\Users\User\Desktop\C++\Новая папка\Lab1_C--\Lab1\Lab1\Lab1_1.cpp(10,1): error C2086: int cin: переопределение
  C:\Users\User\Desktop\C++\Новая папка\Lab1_C--\Lab1\Lab1\Lab1_1.cpp(8,1):
   см. объявление "cin"
  
C:\Users\User\Desktop\C++\Новая папка\Lab1_C--\Lab1\Lab1\Lab1_1.cpp(10,5): error C2059: синтаксическая ошибка: >>
C:\Users\User\Desktop\C++\Новая папка\Lab1_C--\Lab1\Lab1\Lab1_1.cpp(11,1): error C2059: синтаксическая ошибка: return
C:\Users\User\Desktop\C++\Новая папка\Lab1_C--\Lab1\Lab1\Lab1_1.cpp(12,1): error C2059: синтаксическая ошибка: }
C:\Users\User\Desktop\C++\Новая папка\Lab1_C--\Lab1\Lab1\Lab1_1.cpp(12,1): error C2143: синтаксическая ошибка: отсутствие ";" перед "}"
